2025-05-14 03:43:32.803 [main] INFO  c.m.a.c.AuthControllerIntegrationTest - Starting AuthControllerIntegrationTest using Java 21.0.5 with PID 15456 (started by mfurk in C:\Users\mfurk\library\auth-service)
2025-05-14 03:43:32.805 [main] INFO  c.m.a.c.AuthControllerIntegrationTest - No active profile set, falling back to 1 default profile: "default"
2025-05-14 03:43:34.015 [main] INFO  o.s.d.r.c.RepositoryConfigurationDelegate - Bootstrapping Spring Data JPA repositories in DEFAULT mode.
2025-05-14 03:43:34.098 [main] INFO  o.s.d.r.c.RepositoryConfigurationDelegate - Finished Spring Data repository scanning in 68 ms. Found 1 JPA repository interface.
2025-05-14 03:43:34.246 [main] INFO  o.s.b.t.a.j.TestDatabaseAutoConfiguration$EmbeddedDataSourceBeanFactoryPostProcessor - Replacing 'dataSource' DataSource bean with embedded version
2025-05-14 03:43:34.830 [main] INFO  o.s.b.w.e.tomcat.TomcatWebServer - Tomcat initialized with port 0 (http)
2025-05-14 03:43:34.846 [main] INFO  o.a.catalina.core.StandardService - Starting service [Tomcat]
2025-05-14 03:43:34.847 [main] INFO  o.a.catalina.core.StandardEngine - Starting Servlet engine: [Apache Tomcat/10.1.40]
2025-05-14 03:43:34.920 [main] INFO  o.a.c.c.C.[Tomcat].[localhost].[/] - Initializing Spring embedded WebApplicationContext
2025-05-14 03:43:34.921 [main] INFO  o.s.b.w.s.c.ServletWebServerApplicationContext - Root WebApplicationContext: initialization completed in 2096 ms
2025-05-14 03:43:34.988 [main] DEBUG c.l.a.filter.JwtAuthenticationFilter - Filter 'jwtAuthenticationFilter' configured for use
2025-05-14 03:43:35.019 [main] INFO  o.s.j.d.e.EmbeddedDatabaseFactory - Starting embedded database: url='jdbc:h2:mem:a812b614-757e-425a-b32f-6590a8eaa111;DB_CLOSE_DELAY=-1;DB_CLOSE_ON_EXIT=false', username='sa'
2025-05-14 03:43:35.432 [main] INFO  o.h.jpa.internal.util.LogHelper - HHH000204: Processing PersistenceUnitInfo [name: default]
2025-05-14 03:43:35.553 [main] INFO  org.hibernate.Version - HHH000412: Hibernate ORM core version 6.6.13.Final
2025-05-14 03:43:35.640 [main] INFO  o.h.c.i.RegionFactoryInitiator - HHH000026: Second-level cache disabled
2025-05-14 03:43:36.061 [main] INFO  o.s.o.j.p.SpringPersistenceUnitInfo - No LoadTimeWeaver setup: ignoring JPA class transformer
2025-05-14 03:43:36.159 [main] WARN  org.hibernate.dialect.Dialect - HHH000511: The 2.3.232 version for [org.hibernate.dialect.PostgreSQLDialect] is no longer supported, hence certain features may not work properly. The minimum supported version is 12.0.0. Check the community dialects project for available legacy versions.
2025-05-14 03:43:36.169 [main] WARN  org.hibernate.orm.deprecation - HHH90000025: PostgreSQLDialect does not need to be specified explicitly using 'hibernate.dialect' (remove the property setting and it will be selected by default)
2025-05-14 03:43:36.196 [main] INFO  o.hibernate.orm.connections.pooling - HHH10001005: Database info:
	Database JDBC URL [Connecting through datasource 'org.springframework.jdbc.datasource.embedded.EmbeddedDatabaseFactory$EmbeddedDataSourceProxy@44de3b46']
	Database driver: undefined/unknown
	Database version: 2.3.232
	Autocommit mode: undefined/unknown
	Isolation level: undefined/unknown
	Minimum pool size: undefined/unknown
	Maximum pool size: undefined/unknown
2025-05-14 03:43:37.013 [main] INFO  o.h.e.t.j.p.i.JtaPlatformInitiator - HHH000489: No JTA platform available (set 'hibernate.transaction.jta.platform' to enable JTA platform integration)
2025-05-14 03:43:37.074 [main] INFO  o.s.o.j.LocalContainerEntityManagerFactoryBean - Initialized JPA EntityManagerFactory for persistence unit 'default'
2025-05-14 03:43:37.607 [main] WARN  o.s.b.a.o.j.JpaBaseConfiguration$JpaWebConfiguration - spring.jpa.open-in-view is enabled by default. Therefore, database queries may be performed during view rendering. Explicitly configure spring.jpa.open-in-view to disable this warning
2025-05-14 03:43:37.633 [main] WARN  o.s.b.a.s.s.UserDetailsServiceAutoConfiguration - 

Using generated security password: d81deaf4-8f5a-43a3-acdf-17da86c106e7

This generated password is for development use only. Your security configuration must be updated before running your application in production.

2025-05-14 03:43:37.665 [main] INFO  o.s.s.c.a.a.c.InitializeUserDetailsBeanManagerConfigurer$InitializeUserDetailsManagerConfigurer - Global AuthenticationManager configured with UserDetailsService bean with name inMemoryUserDetailsManager
2025-05-14 03:43:38.150 [main] WARN  o.s.s.c.a.w.c.AuthorizeHttpRequestsConfigurer$AuthorizationManagerRequestMatcherRegistry - One of the patterns in [/swagger-ui.html, swagger-ui/index.html] is missing a leading slash. This is discouraged; please include the leading slash in all your request matcher patterns. In future versions of Spring Security, leaving out the leading slash will result in an exception.
2025-05-14 03:43:38.945 [main] INFO  o.s.b.w.e.tomcat.TomcatWebServer - Tomcat started on port 51510 (http) with context path '/'
2025-05-14 03:43:38.959 [main] INFO  c.m.a.c.AuthControllerIntegrationTest - Started AuthControllerIntegrationTest in 6.782 seconds (process running for 7.954)
2025-05-14 03:43:40.024 [http-nio-auto-1-exec-1] INFO  o.a.c.c.C.[Tomcat].[localhost].[/] - Initializing Spring DispatcherServlet 'dispatcherServlet'
2025-05-14 03:43:40.025 [http-nio-auto-1-exec-1] INFO  o.s.web.servlet.DispatcherServlet - Initializing Servlet 'dispatcherServlet'
2025-05-14 03:43:40.027 [http-nio-auto-1-exec-1] INFO  o.s.web.servlet.DispatcherServlet - Completed initialization in 2 ms
2025-05-14 03:43:40.327 [http-nio-auto-1-exec-1] INFO  c.l.auth.controller.AuthController - Register attempt for username=u
2025-05-14 03:43:40.644 [http-nio-auto-1-exec-1] INFO  c.l.auth.controller.AuthController - User registered successfully: username=u
2025-05-14 03:43:40.877 [http-nio-auto-1-exec-2] INFO  c.l.auth.controller.AuthController - Login attempt for username=u
2025-05-14 03:43:41.102 [http-nio-auto-1-exec-2] INFO  c.l.auth.controller.AuthController - Login successful for username=u
2025-05-14 03:43:42.654 [main] INFO  c.l.auth.controller.AuthController - Login attempt for username=u
2025-05-14 03:43:42.740 [main] INFO  c.l.auth.controller.AuthController - Login successful for username=u
2025-05-14 03:43:42.751 [main] INFO  c.l.auth.controller.AuthController - Login attempt for username=x
2025-05-14 03:43:42.752 [main] WARN  c.l.auth.controller.AuthController - Login failed for username=x
2025-05-14 03:43:42.789 [SpringApplicationShutdownHook] INFO  o.s.b.w.e.tomcat.GracefulShutdown - Commencing graceful shutdown. Waiting for active requests to complete
2025-05-14 03:43:42.803 [tomcat-shutdown] INFO  o.s.b.w.e.tomcat.GracefulShutdown - Graceful shutdown complete
2025-05-14 03:43:42.807 [SpringApplicationShutdownHook] INFO  o.s.o.j.LocalContainerEntityManagerFactoryBean - Closing JPA EntityManagerFactory for persistence unit 'default'
2025-05-14 04:09:09.164 [main] INFO  c.m.a.c.AuthControllerIntegrationTest - Starting AuthControllerIntegrationTest using Java 21.0.5 with PID 12456 (started by mfurk in C:\Users\mfurk\library\auth-service)
2025-05-14 04:09:09.168 [main] INFO  c.m.a.c.AuthControllerIntegrationTest - No active profile set, falling back to 1 default profile: "default"
2025-05-14 04:09:10.666 [main] INFO  o.s.d.r.c.RepositoryConfigurationDelegate - Bootstrapping Spring Data JPA repositories in DEFAULT mode.
2025-05-14 04:09:10.777 [main] INFO  o.s.d.r.c.RepositoryConfigurationDelegate - Finished Spring Data repository scanning in 95 ms. Found 1 JPA repository interface.
2025-05-14 04:09:11.012 [main] INFO  o.s.b.t.a.j.TestDatabaseAutoConfiguration$EmbeddedDataSourceBeanFactoryPostProcessor - Replacing 'dataSource' DataSource bean with embedded version
2025-05-14 04:09:11.944 [main] INFO  o.s.b.w.e.tomcat.TomcatWebServer - Tomcat initialized with port 0 (http)
2025-05-14 04:09:11.966 [main] INFO  o.a.catalina.core.StandardService - Starting service [Tomcat]
2025-05-14 04:09:11.967 [main] INFO  o.a.catalina.core.StandardEngine - Starting Servlet engine: [Apache Tomcat/10.1.40]
2025-05-14 04:09:12.072 [main] INFO  o.a.c.c.C.[Tomcat].[localhost].[/] - Initializing Spring embedded WebApplicationContext
2025-05-14 04:09:12.075 [main] INFO  o.s.b.w.s.c.ServletWebServerApplicationContext - Root WebApplicationContext: initialization completed in 2884 ms
2025-05-14 04:09:12.189 [main] DEBUG c.l.a.filter.JwtAuthenticationFilter - Filter 'jwtAuthenticationFilter' configured for use
2025-05-14 04:09:12.234 [main] INFO  o.s.j.d.e.EmbeddedDatabaseFactory - Starting embedded database: url='jdbc:h2:mem:c074dec9-2053-420d-bd69-166c542d1ab8;DB_CLOSE_DELAY=-1;DB_CLOSE_ON_EXIT=false', username='sa'
2025-05-14 04:09:12.802 [main] INFO  o.h.jpa.internal.util.LogHelper - HHH000204: Processing PersistenceUnitInfo [name: default]
2025-05-14 04:09:12.941 [main] INFO  org.hibernate.Version - HHH000412: Hibernate ORM core version 6.6.13.Final
2025-05-14 04:09:13.008 [main] INFO  o.h.c.i.RegionFactoryInitiator - HHH000026: Second-level cache disabled
2025-05-14 04:09:13.461 [main] INFO  o.s.o.j.p.SpringPersistenceUnitInfo - No LoadTimeWeaver setup: ignoring JPA class transformer
2025-05-14 04:09:13.539 [main] WARN  org.hibernate.dialect.Dialect - HHH000511: The 2.3.232 version for [org.hibernate.dialect.PostgreSQLDialect] is no longer supported, hence certain features may not work properly. The minimum supported version is 12.0.0. Check the community dialects project for available legacy versions.
2025-05-14 04:09:13.548 [main] WARN  org.hibernate.orm.deprecation - HHH90000025: PostgreSQLDialect does not need to be specified explicitly using 'hibernate.dialect' (remove the property setting and it will be selected by default)
2025-05-14 04:09:13.571 [main] INFO  o.hibernate.orm.connections.pooling - HHH10001005: Database info:
	Database JDBC URL [Connecting through datasource 'org.springframework.jdbc.datasource.embedded.EmbeddedDatabaseFactory$EmbeddedDataSourceProxy@37083af6']
	Database driver: undefined/unknown
	Database version: 2.3.232
	Autocommit mode: undefined/unknown
	Isolation level: undefined/unknown
	Minimum pool size: undefined/unknown
	Maximum pool size: undefined/unknown
2025-05-14 04:09:14.607 [main] INFO  o.h.e.t.j.p.i.JtaPlatformInitiator - HHH000489: No JTA platform available (set 'hibernate.transaction.jta.platform' to enable JTA platform integration)
2025-05-14 04:09:14.675 [main] INFO  o.s.o.j.LocalContainerEntityManagerFactoryBean - Initialized JPA EntityManagerFactory for persistence unit 'default'
2025-05-14 04:09:15.214 [main] WARN  o.s.b.a.o.j.JpaBaseConfiguration$JpaWebConfiguration - spring.jpa.open-in-view is enabled by default. Therefore, database queries may be performed during view rendering. Explicitly configure spring.jpa.open-in-view to disable this warning
2025-05-14 04:09:15.239 [main] WARN  o.s.b.a.s.s.UserDetailsServiceAutoConfiguration - 

Using generated security password: 8c250679-8a6e-46fb-80c6-9bb1cd6ae024

This generated password is for development use only. Your security configuration must be updated before running your application in production.

2025-05-14 04:09:15.274 [main] INFO  o.s.s.c.a.a.c.InitializeUserDetailsBeanManagerConfigurer$InitializeUserDetailsManagerConfigurer - Global AuthenticationManager configured with UserDetailsService bean with name inMemoryUserDetailsManager
2025-05-14 04:09:15.691 [main] WARN  o.s.s.c.a.w.c.AuthorizeHttpRequestsConfigurer$AuthorizationManagerRequestMatcherRegistry - One of the patterns in [/swagger-ui.html, swagger-ui/index.html] is missing a leading slash. This is discouraged; please include the leading slash in all your request matcher patterns. In future versions of Spring Security, leaving out the leading slash will result in an exception.
2025-05-14 04:09:16.420 [main] INFO  o.s.b.w.e.tomcat.TomcatWebServer - Tomcat started on port 52458 (http) with context path '/'
2025-05-14 04:09:16.430 [main] INFO  c.m.a.c.AuthControllerIntegrationTest - Started AuthControllerIntegrationTest in 8.302 seconds (process running for 10.258)
2025-05-14 04:09:17.356 [http-nio-auto-1-exec-1] INFO  o.a.c.c.C.[Tomcat].[localhost].[/] - Initializing Spring DispatcherServlet 'dispatcherServlet'
2025-05-14 04:09:17.357 [http-nio-auto-1-exec-1] INFO  o.s.web.servlet.DispatcherServlet - Initializing Servlet 'dispatcherServlet'
2025-05-14 04:09:17.358 [http-nio-auto-1-exec-1] INFO  o.s.web.servlet.DispatcherServlet - Completed initialization in 1 ms
2025-05-14 04:09:17.475 [http-nio-auto-1-exec-1] INFO  c.l.auth.controller.AuthController - Register attempt for username=u
2025-05-14 04:09:17.610 [http-nio-auto-1-exec-1] INFO  c.l.auth.controller.AuthController - User registered successfully: username=u
2025-05-14 04:09:17.720 [http-nio-auto-1-exec-2] INFO  c.l.auth.controller.AuthController - Login attempt for username=u
2025-05-14 04:09:17.821 [http-nio-auto-1-exec-2] INFO  c.l.auth.controller.AuthController - Login successful for username=u
2025-05-14 04:09:18.354 [main] INFO  c.l.auth.controller.AuthController - Login attempt for username=u
2025-05-14 04:09:18.426 [main] INFO  c.l.auth.controller.AuthController - Login successful for username=u
2025-05-14 04:09:18.436 [main] INFO  c.l.auth.controller.AuthController - Login attempt for username=x
2025-05-14 04:09:18.437 [main] WARN  c.l.auth.controller.AuthController - Login failed for username=x
2025-05-14 04:09:18.475 [SpringApplicationShutdownHook] INFO  o.s.b.w.e.tomcat.GracefulShutdown - Commencing graceful shutdown. Waiting for active requests to complete
2025-05-14 04:09:18.492 [tomcat-shutdown] INFO  o.s.b.w.e.tomcat.GracefulShutdown - Graceful shutdown complete
2025-05-14 04:09:18.499 [SpringApplicationShutdownHook] INFO  o.s.o.j.LocalContainerEntityManagerFactoryBean - Closing JPA EntityManagerFactory for persistence unit 'default'
