2025-05-14 03:44:07.920 [main] INFO  c.m.u.c.UserControllerIntegrationTest - Starting UserControllerIntegrationTest using Java 21.0.5 with PID 27500 (started by mfurk in C:\Users\mfurk\library\user-service)
2025-05-14 03:44:07.922 [main] DEBUG c.m.u.c.UserControllerIntegrationTest - Running with Spring Boot v3.4.5, Spring v6.2.6
2025-05-14 03:44:07.923 [main] INFO  c.m.u.c.UserControllerIntegrationTest - No active profile set, falling back to 1 default profile: "default"
2025-05-14 03:44:08.783 [main] INFO  o.s.d.r.c.RepositoryConfigurationDelegate - Bootstrapping Spring Data JPA repositories in DEFAULT mode.
2025-05-14 03:44:08.844 [main] INFO  o.s.d.r.c.RepositoryConfigurationDelegate - Finished Spring Data repository scanning in 49 ms. Found 1 JPA repository interface.
2025-05-14 03:44:08.961 [main] INFO  o.s.b.t.a.j.TestDatabaseAutoConfiguration$EmbeddedDataSourceBeanFactoryPostProcessor - Replacing 'dataSource' DataSource bean with embedded version
2025-05-14 03:44:09.508 [main] INFO  o.s.b.w.e.tomcat.TomcatWebServer - Tomcat initialized with port 0 (http)
2025-05-14 03:44:09.523 [main] INFO  o.a.catalina.core.StandardService - Starting service [Tomcat]
2025-05-14 03:44:09.524 [main] INFO  o.a.catalina.core.StandardEngine - Starting Servlet engine: [Apache Tomcat/10.1.40]
2025-05-14 03:44:09.599 [main] INFO  o.a.c.c.C.[Tomcat].[localhost].[/] - Initializing Spring embedded WebApplicationContext
2025-05-14 03:44:09.601 [main] INFO  o.s.b.w.s.c.ServletWebServerApplicationContext - Root WebApplicationContext: initialization completed in 1665 ms
2025-05-14 03:44:09.678 [main] INFO  o.s.j.d.e.EmbeddedDatabaseFactory - Starting embedded database: url='jdbc:h2:mem:00b88b34-ced1-485a-a40a-8cccfee12c0c;DB_CLOSE_DELAY=-1;DB_CLOSE_ON_EXIT=false', username='sa'
2025-05-14 03:44:09.955 [main] INFO  o.h.jpa.internal.util.LogHelper - HHH000204: Processing PersistenceUnitInfo [name: default]
2025-05-14 03:44:10.026 [main] INFO  org.hibernate.Version - HHH000412: Hibernate ORM core version 6.6.13.Final
2025-05-14 03:44:10.067 [main] INFO  o.h.c.i.RegionFactoryInitiator - HHH000026: Second-level cache disabled
2025-05-14 03:44:10.408 [main] INFO  o.s.o.j.p.SpringPersistenceUnitInfo - No LoadTimeWeaver setup: ignoring JPA class transformer
2025-05-14 03:44:10.455 [main] WARN  org.hibernate.dialect.Dialect - HHH000511: The 2.3.232 version for [org.hibernate.dialect.PostgreSQLDialect] is no longer supported, hence certain features may not work properly. The minimum supported version is 12.0.0. Check the community dialects project for available legacy versions.
2025-05-14 03:44:10.460 [main] WARN  org.hibernate.orm.deprecation - HHH90000025: PostgreSQLDialect does not need to be specified explicitly using 'hibernate.dialect' (remove the property setting and it will be selected by default)
2025-05-14 03:44:10.476 [main] INFO  o.hibernate.orm.connections.pooling - HHH10001005: Database info:
	Database JDBC URL [Connecting through datasource 'org.springframework.jdbc.datasource.embedded.EmbeddedDatabaseFactory$EmbeddedDataSourceProxy@4a0c512b']
	Database driver: undefined/unknown
	Database version: 2.3.232
	Autocommit mode: undefined/unknown
	Isolation level: undefined/unknown
	Minimum pool size: undefined/unknown
	Maximum pool size: undefined/unknown
2025-05-14 03:44:11.183 [main] INFO  o.h.e.t.j.p.i.JtaPlatformInitiator - HHH000489: No JTA platform available (set 'hibernate.transaction.jta.platform' to enable JTA platform integration)
2025-05-14 03:44:11.238 [main] DEBUG org.hibernate.SQL - create table users (id bigint generated by default as identity, email varchar(255), name varchar(255), role varchar(255), username varchar(255), primary key (id))
2025-05-14 03:44:11.248 [main] INFO  o.s.o.j.LocalContainerEntityManagerFactoryBean - Initialized JPA EntityManagerFactory for persistence unit 'default'
2025-05-14 03:44:11.647 [main] WARN  o.s.b.a.o.j.JpaBaseConfiguration$JpaWebConfiguration - spring.jpa.open-in-view is enabled by default. Therefore, database queries may be performed during view rendering. Explicitly configure spring.jpa.open-in-view to disable this warning
2025-05-14 03:44:12.378 [main] INFO  o.s.b.w.e.tomcat.TomcatWebServer - Tomcat started on port 51526 (http) with context path '/'
2025-05-14 03:44:12.389 [main] INFO  c.m.u.c.UserControllerIntegrationTest - Started UserControllerIntegrationTest in 5.069 seconds (process running for 6.373)
2025-05-14 03:44:13.065 [http-nio-auto-1-exec-1] INFO  o.a.c.c.C.[Tomcat].[localhost].[/] - Initializing Spring DispatcherServlet 'dispatcherServlet'
2025-05-14 03:44:13.065 [http-nio-auto-1-exec-1] INFO  o.s.web.servlet.DispatcherServlet - Initializing Servlet 'dispatcherServlet'
2025-05-14 03:44:13.066 [http-nio-auto-1-exec-1] INFO  o.s.web.servlet.DispatcherServlet - Completed initialization in 1 ms
2025-05-14 03:44:13.183 [http-nio-auto-1-exec-1] INFO  c.m.u.controller.UserController - Creating user: username=furkan, name=Mehmet Furkan Yigit, role=PATRON
2025-05-14 03:44:13.224 [http-nio-auto-1-exec-1] DEBUG org.hibernate.SQL - insert into users (email,name,role,username) values (?,?,?,?)
2025-05-14 03:44:13.282 [http-nio-auto-1-exec-1] INFO  c.m.u.controller.UserController - User created successfully: id=1, username=furkan
2025-05-14 03:44:13.884 [SpringApplicationShutdownHook] INFO  o.s.b.w.e.tomcat.GracefulShutdown - Commencing graceful shutdown. Waiting for active requests to complete
2025-05-14 03:44:13.898 [tomcat-shutdown] INFO  o.s.b.w.e.tomcat.GracefulShutdown - Graceful shutdown complete
2025-05-14 03:44:13.904 [SpringApplicationShutdownHook] INFO  o.s.o.j.LocalContainerEntityManagerFactoryBean - Closing JPA EntityManagerFactory for persistence unit 'default'
