2025-05-14 01:38:08.922 [main] INFO  c.m.b.c.BookControllerIntegrationTest - Starting BookControllerIntegrationTest using Java 21.0.5 with PID 31476 (started by mfurk in C:\Users\mfurk\library\book-service)
2025-05-14 01:38:08.935 [main] DEBUG c.m.b.c.BookControllerIntegrationTest - Running with Spring Boot v3.4.5, Spring v6.2.6
2025-05-14 01:38:08.938 [main] INFO  c.m.b.c.BookControllerIntegrationTest - The following 1 profile is active: "test"
2025-05-14 01:38:11.874 [main] INFO  o.s.d.r.c.RepositoryConfigurationDelegate - Multiple Spring Data modules found, entering strict repository configuration mode
2025-05-14 01:38:11.897 [main] INFO  o.s.d.r.c.RepositoryConfigurationDelegate - Bootstrapping Spring Data R2DBC repositories in DEFAULT mode.
2025-05-14 01:38:12.296 [main] INFO  o.s.d.r.c.RepositoryConfigurationDelegate - Finished Spring Data repository scanning in 381 ms. Found 1 R2DBC repository interface.
2025-05-14 01:38:17.326 [main] INFO  o.s.b.w.e.netty.NettyWebServer - Netty started on port 61532 (http)
2025-05-14 01:38:17.339 [main] INFO  c.m.b.c.BookControllerIntegrationTest - Started BookControllerIntegrationTest in 9.442 seconds (process running for 12.124)
2025-05-14 01:38:21.080 [SpringApplicationShutdownHook] INFO  o.s.b.w.e.netty.GracefulShutdown - Commencing graceful shutdown. Waiting for active requests to complete
2025-05-14 01:38:21.125 [netty-shutdown] INFO  o.s.b.w.e.netty.GracefulShutdown - Graceful shutdown complete
2025-05-14 02:22:03.414 [main] INFO  c.m.b.c.BookControllerIntegrationTest - Starting BookControllerIntegrationTest using Java 21.0.5 with PID 20652 (started by mfurk in C:\Users\mfurk\library\book-service)
2025-05-14 02:22:03.416 [main] DEBUG c.m.b.c.BookControllerIntegrationTest - Running with Spring Boot v3.4.5, Spring v6.2.6
2025-05-14 02:22:03.417 [main] INFO  c.m.b.c.BookControllerIntegrationTest - The following 1 profile is active: "test"
2025-05-14 02:22:04.537 [main] INFO  o.s.d.r.c.RepositoryConfigurationDelegate - Multiple Spring Data modules found, entering strict repository configuration mode
2025-05-14 02:22:04.541 [main] INFO  o.s.d.r.c.RepositoryConfigurationDelegate - Bootstrapping Spring Data R2DBC repositories in DEFAULT mode.
2025-05-14 02:22:04.739 [main] INFO  o.s.d.r.c.RepositoryConfigurationDelegate - Finished Spring Data repository scanning in 190 ms. Found 1 R2DBC repository interface.
2025-05-14 02:22:06.899 [main] INFO  o.s.b.w.e.netty.NettyWebServer - Netty started on port 63907 (http)
2025-05-14 02:22:06.907 [main] INFO  c.m.b.c.BookControllerIntegrationTest - Started BookControllerIntegrationTest in 4.112 seconds (process running for 5.268)
2025-05-14 02:22:08.270 [SpringApplicationShutdownHook] INFO  o.s.b.w.e.netty.GracefulShutdown - Commencing graceful shutdown. Waiting for active requests to complete
2025-05-14 02:22:08.273 [netty-shutdown] INFO  o.s.b.w.e.netty.GracefulShutdown - Graceful shutdown complete
2025-05-14 03:09:46.677 [main] INFO  c.m.b.c.BookControllerIntegrationTest - Starting BookControllerIntegrationTest using Java 21.0.5 with PID 32896 (started by mfurk in C:\Users\mfurk\library\book-service)
2025-05-14 03:09:46.680 [main] DEBUG c.m.b.c.BookControllerIntegrationTest - Running with Spring Boot v3.4.5, Spring v6.2.6
2025-05-14 03:09:46.681 [main] INFO  c.m.b.c.BookControllerIntegrationTest - The following 1 profile is active: "test"
2025-05-14 03:09:48.639 [main] INFO  o.s.d.r.c.RepositoryConfigurationDelegate - Multiple Spring Data modules found, entering strict repository configuration mode
2025-05-14 03:09:48.645 [main] INFO  o.s.d.r.c.RepositoryConfigurationDelegate - Bootstrapping Spring Data R2DBC repositories in DEFAULT mode.
2025-05-14 03:09:49.691 [main] INFO  o.s.d.r.c.RepositoryConfigurationDelegate - Finished Spring Data repository scanning in 1029 ms. Found 1 R2DBC repository interface.
2025-05-14 03:09:55.275 [main] INFO  o.s.b.w.e.netty.NettyWebServer - Netty started on port 50257 (http)
2025-05-14 03:09:55.305 [main] INFO  c.m.b.c.BookControllerIntegrationTest - Started BookControllerIntegrationTest in 10.138 seconds (process running for 13.337)
2025-05-14 03:09:59.318 [SpringApplicationShutdownHook] INFO  o.s.b.w.e.netty.GracefulShutdown - Commencing graceful shutdown. Waiting for active requests to complete
2025-05-14 03:09:59.356 [netty-shutdown] INFO  o.s.b.w.e.netty.GracefulShutdown - Graceful shutdown complete
2025-05-14 03:33:36.229 [main] INFO  c.m.b.c.BookControllerIntegrationTest - Starting BookControllerIntegrationTest using Java 21.0.5 with PID 12912 (started by mfurk in C:\Users\mfurk\library\book-service)
2025-05-14 03:33:36.232 [main] DEBUG c.m.b.c.BookControllerIntegrationTest - Running with Spring Boot v3.4.5, Spring v6.2.6
2025-05-14 03:33:36.234 [main] INFO  c.m.b.c.BookControllerIntegrationTest - The following 1 profile is active: "test"
2025-05-14 03:33:38.306 [main] INFO  o.s.d.r.c.RepositoryConfigurationDelegate - Multiple Spring Data modules found, entering strict repository configuration mode
2025-05-14 03:33:38.309 [main] INFO  o.s.d.r.c.RepositoryConfigurationDelegate - Bootstrapping Spring Data R2DBC repositories in DEFAULT mode.
2025-05-14 03:33:38.838 [main] INFO  o.s.d.r.c.RepositoryConfigurationDelegate - Finished Spring Data repository scanning in 488 ms. Found 1 R2DBC repository interface.
2025-05-14 03:33:42.820 [main] INFO  o.s.b.w.e.netty.NettyWebServer - Netty started on port 50993 (http)
2025-05-14 03:33:42.835 [main] INFO  c.m.b.c.BookControllerIntegrationTest - Started BookControllerIntegrationTest in 8.052 seconds (process running for 10.802)
2025-05-14 03:33:44.190 [parallel-2] INFO  c.m.b.controller.BookController - Received request to create book: Book(id=null, title=Integration, author=Tester, isbn=INT-001, genre=Test, totalCopies=5, availableCopies=0)
2025-05-14 03:33:44.333 [parallel-2] INFO  c.m.b.controller.BookController - Book created with id=1
2025-05-14 03:33:44.421 [parallel-3] INFO  c.m.b.controller.BookController - Fetching book by id=1
2025-05-14 03:33:44.466 [parallel-3] INFO  c.m.b.controller.BookController - Found book: Book(id=1, title=Integration, author=Tester, isbn=INT-001, genre=Test, totalCopies=5, availableCopies=5)
2025-05-14 03:33:44.534 [parallel-4] INFO  c.m.b.controller.BookController - Received request to create book: Book(id=null, title=Stock, author=Tester, isbn=STK-01, genre=Test, totalCopies=2, availableCopies=0)
2025-05-14 03:33:44.537 [parallel-4] INFO  c.m.b.controller.BookController - Book created with id=2
2025-05-14 03:33:44.544 [parallel-5] INFO  c.m.b.controller.BookController - Decrementing availableCopies for book id=2
2025-05-14 03:33:44.559 [parallel-5] INFO  c.m.b.controller.BookController - Decrement complete, book now: Book(id=2, title=Stock, author=Tester, isbn=STK-01, genre=Test, totalCopies=2, availableCopies=1)
2025-05-14 03:33:44.563 [parallel-6] INFO  c.m.b.controller.BookController - Incrementing availableCopies for book id=2
2025-05-14 03:33:44.570 [parallel-6] INFO  c.m.b.controller.BookController - Increment complete, book now: Book(id=2, title=Stock, author=Tester, isbn=STK-01, genre=Test, totalCopies=2, availableCopies=2)
2025-05-14 03:33:45.060 [SpringApplicationShutdownHook] INFO  o.s.b.w.e.netty.GracefulShutdown - Commencing graceful shutdown. Waiting for active requests to complete
2025-05-14 03:33:45.064 [netty-shutdown] INFO  o.s.b.w.e.netty.GracefulShutdown - Graceful shutdown complete
